#! /c/Source/iverilog-install/bin/vvp
:ivl_version "12.0 (devel)" "(s20150603-1539-g2693dd32b)";
:ivl_delay_selection "TYPICAL";
:vpi_time_precision + 0;
:vpi_module "C:\iverilog\lib\ivl\system.vpi";
:vpi_module "C:\iverilog\lib\ivl\vhdl_sys.vpi";
:vpi_module "C:\iverilog\lib\ivl\vhdl_textio.vpi";
:vpi_module "C:\iverilog\lib\ivl\v2005_math.vpi";
:vpi_module "C:\iverilog\lib\ivl\va_math.vpi";
S_000001b304a36600 .scope module, "main" "main" 2 5;
 .timescale 0 0;
    .port_info 0 /INPUT 32 "A0";
    .port_info 1 /INPUT 32 "A1";
    .port_info 2 /INPUT 32 "A2";
    .port_info 3 /INPUT 32 "A3";
    .port_info 4 /INPUT 1 "SEL1";
    .port_info 5 /INPUT 1 "SEL2";
    .port_info 6 /OUTPUT 32 "C";
L_000001b304bca830 .functor NOT 32, L_000001b304c28360, C4<00000000000000000000000000000000>, C4<00000000000000000000000000000000>, C4<00000000000000000000000000000000>;
L_000001b304bcaad0 .functor NOT 32, L_000001b304c29620, C4<00000000000000000000000000000000>, C4<00000000000000000000000000000000>, C4<00000000000000000000000000000000>;
L_000001b304bca670 .functor AND 32, L_000001b304bca830, L_000001b304bcaad0, C4<11111111111111111111111111111111>, C4<11111111111111111111111111111111>;
o000001b304bd6fb8 .functor BUFZ 32, C4<zzzzzzzzzzzzzzzzzzzzzzzzzzzzzzzz>; HiZ drive
L_000001b304bca8a0 .functor AND 32, o000001b304bd6fb8, L_000001b304bca670, C4<11111111111111111111111111111111>, C4<11111111111111111111111111111111>;
L_000001b304bca910 .functor NOT 32, L_000001b304c29a80, C4<00000000000000000000000000000000>, C4<00000000000000000000000000000000>, C4<00000000000000000000000000000000>;
L_000001b304bca750 .functor AND 32, L_000001b304bca910, L_000001b304c28860, C4<11111111111111111111111111111111>, C4<11111111111111111111111111111111>;
o000001b304bd6fe8 .functor BUFZ 32, C4<zzzzzzzzzzzzzzzzzzzzzzzzzzzzzzzz>; HiZ drive
L_000001b304bcaa60 .functor AND 32, o000001b304bd6fe8, L_000001b304bca750, C4<11111111111111111111111111111111>, C4<11111111111111111111111111111111>;
L_000001b304bca6e0 .functor OR 32, L_000001b304bca8a0, L_000001b304bcaa60, C4<00000000000000000000000000000000>, C4<00000000000000000000000000000000>;
L_000001b304bcab40 .functor AND 32, L_000001b304c284a0, L_000001b304c28f40, C4<11111111111111111111111111111111>, C4<11111111111111111111111111111111>;
o000001b304bd7018 .functor BUFZ 32, C4<zzzzzzzzzzzzzzzzzzzzzzzzzzzzzzzz>; HiZ drive
L_000001b304bcabb0 .functor AND 32, o000001b304bd7018, L_000001b304bcab40, C4<11111111111111111111111111111111>, C4<11111111111111111111111111111111>;
L_000001b304bcad00 .functor OR 32, L_000001b304bca6e0, L_000001b304bcabb0, C4<00000000000000000000000000000000>, C4<00000000000000000000000000000000>;
L_000001b304bcac20 .functor AND 32, L_000001b304c29b20, L_000001b304c298a0, C4<11111111111111111111111111111111>, C4<11111111111111111111111111111111>;
o000001b304bd7048 .functor BUFZ 32, C4<zzzzzzzzzzzzzzzzzzzzzzzzzzzzzzzz>; HiZ drive
L_000001b304bcac90 .functor AND 32, o000001b304bd7048, L_000001b304bcac20, C4<11111111111111111111111111111111>, C4<11111111111111111111111111111111>;
L_000001b304bca7c0 .functor OR 32, L_000001b304bcad00, L_000001b304bcac90, C4<00000000000000000000000000000000>, C4<00000000000000000000000000000000>;
v000001b304bc70f0_0 .net "A0", 31 0, o000001b304bd6fb8;  0 drivers
v000001b304bc7230_0 .net "A1", 31 0, o000001b304bd6fe8;  0 drivers
v000001b304bc75f0_0 .net "A2", 31 0, o000001b304bd7018;  0 drivers
v000001b304bc74b0_0 .net "A3", 31 0, o000001b304bd7048;  0 drivers
v000001b304bc7a50_0 .net "C", 31 0, L_000001b304bca7c0;  1 drivers
o000001b304bd70a8 .functor BUFZ 1, C4<z>; HiZ drive
v000001b304bc72d0_0 .net "SEL1", 0 0, o000001b304bd70a8;  0 drivers
o000001b304bd70d8 .functor BUFZ 1, C4<z>; HiZ drive
v000001b304bc7690_0 .net "SEL2", 0 0, o000001b304bd70d8;  0 drivers
v000001b304bc7370_0 .net *"_ivl_0", 31 0, L_000001b304c28360;  1 drivers
v000001b304bc7550_0 .net *"_ivl_10", 31 0, L_000001b304bcaad0;  1 drivers
v000001b304bc7190_0 .net *"_ivl_12", 31 0, L_000001b304bca670;  1 drivers
v000001b304bc7410_0 .net *"_ivl_14", 31 0, L_000001b304bca8a0;  1 drivers
v000001b304bc7870_0 .net *"_ivl_16", 31 0, L_000001b304c29a80;  1 drivers
L_000001b304c29cd8 .functor BUFT 1, C4<0000000000000000000000000000000>, C4<0>, C4<0>, C4<0>;
v000001b304bc77d0_0 .net *"_ivl_19", 30 0, L_000001b304c29cd8;  1 drivers
v000001b304bc7af0_0 .net *"_ivl_20", 31 0, L_000001b304bca910;  1 drivers
v000001b304bc7b90_0 .net *"_ivl_22", 31 0, L_000001b304c28860;  1 drivers
L_000001b304c29d20 .functor BUFT 1, C4<0000000000000000000000000000000>, C4<0>, C4<0>, C4<0>;
v000001b304bc7c30_0 .net *"_ivl_25", 30 0, L_000001b304c29d20;  1 drivers
v000001b304bc6d30_0 .net *"_ivl_26", 31 0, L_000001b304bca750;  1 drivers
v000001b304bc6dd0_0 .net *"_ivl_28", 31 0, L_000001b304bcaa60;  1 drivers
L_000001b304c29c48 .functor BUFT 1, C4<0000000000000000000000000000000>, C4<0>, C4<0>, C4<0>;
v000001b304bc6f10_0 .net *"_ivl_3", 30 0, L_000001b304c29c48;  1 drivers
v000001b304bc7050_0 .net *"_ivl_30", 31 0, L_000001b304bca6e0;  1 drivers
v000001b304c29800_0 .net *"_ivl_32", 31 0, L_000001b304c284a0;  1 drivers
L_000001b304c29d68 .functor BUFT 1, C4<0000000000000000000000000000000>, C4<0>, C4<0>, C4<0>;
v000001b304c28220_0 .net *"_ivl_35", 30 0, L_000001b304c29d68;  1 drivers
v000001b304c28a40_0 .net *"_ivl_36", 31 0, L_000001b304c28f40;  1 drivers
L_000001b304c29db0 .functor BUFT 1, C4<0000000000000000000000000000000>, C4<0>, C4<0>, C4<0>;
v000001b304c296c0_0 .net *"_ivl_39", 30 0, L_000001b304c29db0;  1 drivers
v000001b304c28ea0_0 .net *"_ivl_4", 31 0, L_000001b304bca830;  1 drivers
v000001b304c29580_0 .net *"_ivl_40", 31 0, L_000001b304bcab40;  1 drivers
v000001b304c28ae0_0 .net *"_ivl_42", 31 0, L_000001b304bcabb0;  1 drivers
v000001b304c29760_0 .net *"_ivl_44", 31 0, L_000001b304bcad00;  1 drivers
v000001b304c29080_0 .net *"_ivl_46", 31 0, L_000001b304c29b20;  1 drivers
L_000001b304c29df8 .functor BUFT 1, C4<0000000000000000000000000000000>, C4<0>, C4<0>, C4<0>;
v000001b304c28cc0_0 .net *"_ivl_49", 30 0, L_000001b304c29df8;  1 drivers
v000001b304c28540_0 .net *"_ivl_50", 31 0, L_000001b304c298a0;  1 drivers
L_000001b304c29e40 .functor BUFT 1, C4<0000000000000000000000000000000>, C4<0>, C4<0>, C4<0>;
v000001b304c282c0_0 .net *"_ivl_53", 30 0, L_000001b304c29e40;  1 drivers
v000001b304c28d60_0 .net *"_ivl_54", 31 0, L_000001b304bcac20;  1 drivers
v000001b304c28400_0 .net *"_ivl_56", 31 0, L_000001b304bcac90;  1 drivers
v000001b304c28fe0_0 .net *"_ivl_6", 31 0, L_000001b304c29620;  1 drivers
L_000001b304c29c90 .functor BUFT 1, C4<0000000000000000000000000000000>, C4<0>, C4<0>, C4<0>;
v000001b304c299e0_0 .net *"_ivl_9", 30 0, L_000001b304c29c90;  1 drivers
L_000001b304c28360 .concat [ 1 31 0 0], o000001b304bd70a8, L_000001b304c29c48;
L_000001b304c29620 .concat [ 1 31 0 0], o000001b304bd70d8, L_000001b304c29c90;
L_000001b304c29a80 .concat [ 1 31 0 0], o000001b304bd70a8, L_000001b304c29cd8;
L_000001b304c28860 .concat [ 1 31 0 0], o000001b304bd70d8, L_000001b304c29d20;
L_000001b304c284a0 .concat [ 1 31 0 0], o000001b304bd70a8, L_000001b304c29d68;
L_000001b304c28f40 .concat [ 1 31 0 0], o000001b304bd70d8, L_000001b304c29db0;
L_000001b304c29b20 .concat [ 1 31 0 0], o000001b304bd70a8, L_000001b304c29df8;
L_000001b304c298a0 .concat [ 1 31 0 0], o000001b304bd70d8, L_000001b304c29e40;
# The file index is used to find the file name in the following table.
:file_names 3;
    "N/A";
    "<interactive>";
    "main.v";
